25-07-02 22:48:04.375 [cluster-ClusterId{value='6865506a484f3e44d2c3be5a', description='null'}-cluster0-shard-00-02.ldu4d.mongodb.net:27017] INFO  org.mongodb.driver.cluster - Exception in monitor thread while connecting to server cluster0-shard-00-02.ldu4d.mongodb.net:27017 
com.mongodb.MongoSocketReadException: Exception receiving message
	at com.mongodb.internal.connection.InternalStreamConnection.translateReadException(InternalStreamConnection.java:702)
	at com.mongodb.internal.connection.InternalStreamConnection.receiveMessageWithAdditionalTimeout(InternalStreamConnection.java:574)
	at com.mongodb.internal.connection.InternalStreamConnection.receiveCommandMessageResponse(InternalStreamConnection.java:410)
	at com.mongodb.internal.connection.InternalStreamConnection.receive(InternalStreamConnection.java:369)
	at com.mongodb.internal.connection.DefaultServerMonitor$ServerMonitorRunnable.lookupServerDescription(DefaultServerMonitor.java:221)
	at com.mongodb.internal.connection.DefaultServerMonitor$ServerMonitorRunnable.run(DefaultServerMonitor.java:157)
	at java.base/java.lang.Thread.run(Thread.java:1583)
Caused by: java.net.SocketException: Socket is closed
	at java.base/java.net.Socket.setSoTimeout(Socket.java:1385)
	at java.base/sun.security.ssl.BaseSSLSocketImpl.setSoTimeout(BaseSSLSocketImpl.java:614)
	at java.base/sun.security.ssl.SSLSocketImpl.setSoTimeout(SSLSocketImpl.java:74)
	at com.mongodb.internal.connection.SocketStream.read(SocketStream.java:137)
	at com.mongodb.internal.connection.InternalStreamConnection.receiveResponseBuffers(InternalStreamConnection.java:713)
	at com.mongodb.internal.connection.InternalStreamConnection.receiveMessageWithAdditionalTimeout(InternalStreamConnection.java:571)
	... 5 common frames omitted
25-07-02 22:48:04.375 [cluster-ClusterId{value='6865506a484f3e44d2c3be5a', description='null'}-cluster0-shard-00-01.ldu4d.mongodb.net:27017] INFO  org.mongodb.driver.cluster - Exception in monitor thread while connecting to server cluster0-shard-00-01.ldu4d.mongodb.net:27017 
com.mongodb.MongoSocketReadException: Exception receiving message
	at com.mongodb.internal.connection.InternalStreamConnection.translateReadException(InternalStreamConnection.java:702)
	at com.mongodb.internal.connection.InternalStreamConnection.receiveMessageWithAdditionalTimeout(InternalStreamConnection.java:574)
	at com.mongodb.internal.connection.InternalStreamConnection.receiveCommandMessageResponse(InternalStreamConnection.java:410)
	at com.mongodb.internal.connection.InternalStreamConnection.receive(InternalStreamConnection.java:369)
	at com.mongodb.internal.connection.DefaultServerMonitor$ServerMonitorRunnable.lookupServerDescription(DefaultServerMonitor.java:221)
	at com.mongodb.internal.connection.DefaultServerMonitor$ServerMonitorRunnable.run(DefaultServerMonitor.java:157)
	at java.base/java.lang.Thread.run(Thread.java:1583)
Caused by: java.net.SocketException: Socket is closed
	at java.base/java.net.Socket.setSoTimeout(Socket.java:1385)
	at java.base/sun.security.ssl.BaseSSLSocketImpl.setSoTimeout(BaseSSLSocketImpl.java:614)
	at java.base/sun.security.ssl.SSLSocketImpl.setSoTimeout(SSLSocketImpl.java:74)
	at com.mongodb.internal.connection.SocketStream.read(SocketStream.java:137)
	at com.mongodb.internal.connection.InternalStreamConnection.receiveResponseBuffers(InternalStreamConnection.java:713)
	at com.mongodb.internal.connection.InternalStreamConnection.receiveMessageWithAdditionalTimeout(InternalStreamConnection.java:571)
	... 5 common frames omitted
25-07-02 22:48:04.374 [cluster-ClusterId{value='6865506a484f3e44d2c3be5a', description='null'}-cluster0-shard-00-00.ldu4d.mongodb.net:27017] INFO  org.mongodb.driver.cluster - Exception in monitor thread while connecting to server cluster0-shard-00-00.ldu4d.mongodb.net:27017 
com.mongodb.MongoSocketReadException: Exception receiving message
	at com.mongodb.internal.connection.InternalStreamConnection.translateReadException(InternalStreamConnection.java:702)
	at com.mongodb.internal.connection.InternalStreamConnection.receiveMessageWithAdditionalTimeout(InternalStreamConnection.java:574)
	at com.mongodb.internal.connection.InternalStreamConnection.receiveCommandMessageResponse(InternalStreamConnection.java:410)
	at com.mongodb.internal.connection.InternalStreamConnection.receive(InternalStreamConnection.java:369)
	at com.mongodb.internal.connection.DefaultServerMonitor$ServerMonitorRunnable.lookupServerDescription(DefaultServerMonitor.java:221)
	at com.mongodb.internal.connection.DefaultServerMonitor$ServerMonitorRunnable.run(DefaultServerMonitor.java:157)
	at java.base/java.lang.Thread.run(Thread.java:1583)
Caused by: java.net.SocketException: Socket is closed
	at java.base/java.net.Socket.setSoTimeout(Socket.java:1385)
	at java.base/sun.security.ssl.BaseSSLSocketImpl.setSoTimeout(BaseSSLSocketImpl.java:614)
	at java.base/sun.security.ssl.SSLSocketImpl.setSoTimeout(SSLSocketImpl.java:74)
	at com.mongodb.internal.connection.SocketStream.read(SocketStream.java:137)
	at com.mongodb.internal.connection.InternalStreamConnection.receiveResponseBuffers(InternalStreamConnection.java:713)
	at com.mongodb.internal.connection.InternalStreamConnection.receiveMessageWithAdditionalTimeout(InternalStreamConnection.java:571)
	... 5 common frames omitted
25-07-02 22:48:08.659 [cluster-ClusterId{value='6865506a484f3e44d2c3be5a', description='null'}-cluster0-shard-00-00.ldu4d.mongodb.net:27017] INFO  org.mongodb.driver.connection - Opened connection [connectionId{localValue:38, serverValue:37339}] to cluster0-shard-00-00.ldu4d.mongodb.net:27017 
25-07-02 22:48:08.658 [cluster-ClusterId{value='6865506a484f3e44d2c3be5a', description='null'}-cluster0-shard-00-01.ldu4d.mongodb.net:27017] INFO  org.mongodb.driver.connection - Opened connection [connectionId{localValue:39, serverValue:355646}] to cluster0-shard-00-01.ldu4d.mongodb.net:27017 
25-07-02 22:48:08.658 [cluster-ClusterId{value='6865506a484f3e44d2c3be5a', description='null'}-cluster0-shard-00-02.ldu4d.mongodb.net:27017] INFO  org.mongodb.driver.connection - Opened connection [connectionId{localValue:40, serverValue:383980}] to cluster0-shard-00-02.ldu4d.mongodb.net:27017 
25-07-02 22:48:08.665 [cluster-ClusterId{value='6865506a484f3e44d2c3be5a', description='null'}-cluster0-shard-00-00.ldu4d.mongodb.net:27017] INFO  org.mongodb.driver.cluster - Monitor thread successfully connected to server with description ServerDescription{address=cluster0-shard-00-00.ldu4d.mongodb.net:27017, type=REPLICA_SET_SECONDARY, state=CONNECTED, ok=true, minWireVersion=0, maxWireVersion=25, maxDocumentSize=16777216, logicalSessionTimeoutMinutes=30, roundTripTimeNanos=165729300, setName='atlas-holvnj-shard-0', canonicalAddress=cluster0-shard-00-00.ldu4d.mongodb.net:27017, hosts=[cluster0-shard-00-00.ldu4d.mongodb.net:27017, cluster0-shard-00-01.ldu4d.mongodb.net:27017, cluster0-shard-00-02.ldu4d.mongodb.net:27017], passives=[], arbiters=[], primary='cluster0-shard-00-02.ldu4d.mongodb.net:27017', tagSet=TagSet{[Tag{name='availabilityZone', value='aps1-az1'}, Tag{name='diskState', value='READY'}, Tag{name='nodeType', value='ELECTABLE'}, Tag{name='provider', value='AWS'}, Tag{name='region', value='AP_SOUTH_1'}, Tag{name='workloadType', value='OPERATIONAL'}]}, electionId=null, setVersion=277, topologyVersion=TopologyVersion{processId=6863973849a4deacc5329478, counter=3}, lastWriteDate=Wed Jul 02 22:48:08 IST 2025, lastUpdateTimeNanos=186140070543600} 
25-07-02 22:48:08.666 [cluster-ClusterId{value='6865506a484f3e44d2c3be5a', description='null'}-cluster0-shard-00-02.ldu4d.mongodb.net:27017] INFO  org.mongodb.driver.cluster - Monitor thread successfully connected to server with description ServerDescription{address=cluster0-shard-00-02.ldu4d.mongodb.net:27017, type=REPLICA_SET_PRIMARY, state=CONNECTED, ok=true, minWireVersion=0, maxWireVersion=25, maxDocumentSize=16777216, logicalSessionTimeoutMinutes=30, roundTripTimeNanos=165932500, setName='atlas-holvnj-shard-0', canonicalAddress=cluster0-shard-00-02.ldu4d.mongodb.net:27017, hosts=[cluster0-shard-00-00.ldu4d.mongodb.net:27017, cluster0-shard-00-01.ldu4d.mongodb.net:27017, cluster0-shard-00-02.ldu4d.mongodb.net:27017], passives=[], arbiters=[], primary='cluster0-shard-00-02.ldu4d.mongodb.net:27017', tagSet=TagSet{[Tag{name='availabilityZone', value='aps1-az2'}, Tag{name='diskState', value='READY'}, Tag{name='nodeType', value='ELECTABLE'}, Tag{name='provider', value='AWS'}, Tag{name='region', value='AP_SOUTH_1'}, Tag{name='workloadType', value='OPERATIONAL'}]}, electionId=7fffffff00000000000000ff, setVersion=277, topologyVersion=TopologyVersion{processId=6852ee81acdb78b605908913, counter=9}, lastWriteDate=Wed Jul 02 22:48:08 IST 2025, lastUpdateTimeNanos=186140070156200} 
25-07-02 22:48:08.665 [cluster-ClusterId{value='6865506a484f3e44d2c3be5a', description='null'}-cluster0-shard-00-01.ldu4d.mongodb.net:27017] INFO  org.mongodb.driver.cluster - Monitor thread successfully connected to server with description ServerDescription{address=cluster0-shard-00-01.ldu4d.mongodb.net:27017, type=REPLICA_SET_SECONDARY, state=CONNECTED, ok=true, minWireVersion=0, maxWireVersion=25, maxDocumentSize=16777216, logicalSessionTimeoutMinutes=30, roundTripTimeNanos=166057900, setName='atlas-holvnj-shard-0', canonicalAddress=cluster0-shard-00-01.ldu4d.mongodb.net:27017, hosts=[cluster0-shard-00-00.ldu4d.mongodb.net:27017, cluster0-shard-00-01.ldu4d.mongodb.net:27017, cluster0-shard-00-02.ldu4d.mongodb.net:27017], passives=[], arbiters=[], primary='cluster0-shard-00-02.ldu4d.mongodb.net:27017', tagSet=TagSet{[Tag{name='availabilityZone', value='aps1-az3'}, Tag{name='diskState', value='READY'}, Tag{name='nodeType', value='ELECTABLE'}, Tag{name='provider', value='AWS'}, Tag{name='region', value='AP_SOUTH_1'}, Tag{name='workloadType', value='OPERATIONAL'}]}, electionId=null, setVersion=277, topologyVersion=TopologyVersion{processId=6852f099a91b5b6b4099ee26, counter=5}, lastWriteDate=Wed Jul 02 22:48:08 IST 2025, lastUpdateTimeNanos=186140070185600} 
25-07-02 22:48:08.668 [cluster-ClusterId{value='6865506a484f3e44d2c3be5a', description='null'}-cluster0-shard-00-02.ldu4d.mongodb.net:27017] INFO  org.mongodb.driver.cluster - Discovered replica set primary cluster0-shard-00-02.ldu4d.mongodb.net:27017 
25-07-02 22:48:21.424 [cluster-rtt-ClusterId{value='6865506a484f3e44d2c3be5a', description='null'}-cluster0-shard-00-01.ldu4d.mongodb.net:27017] INFO  org.mongodb.driver.connection - Opened connection [connectionId{localValue:41, serverValue:355648}] to cluster0-shard-00-01.ldu4d.mongodb.net:27017 
25-07-02 22:48:21.443 [cluster-rtt-ClusterId{value='6865506a484f3e44d2c3be5a', description='null'}-cluster0-shard-00-00.ldu4d.mongodb.net:27017] INFO  org.mongodb.driver.connection - Opened connection [connectionId{localValue:42, serverValue:37343}] to cluster0-shard-00-00.ldu4d.mongodb.net:27017 
25-07-02 22:48:21.498 [cluster-rtt-ClusterId{value='6865506a484f3e44d2c3be5a', description='null'}-cluster0-shard-00-02.ldu4d.mongodb.net:27017] INFO  org.mongodb.driver.connection - Opened connection [connectionId{localValue:43, serverValue:383982}] to cluster0-shard-00-02.ldu4d.mongodb.net:27017 
