25-07-14 11:14:02.006 [cluster-ClusterId{value='687498993ade775faba7d388', description='null'}-cluster0-shard-00-00.ldu4d.mongodb.net:27017] INFO  org.mongodb.driver.cluster - Exception in monitor thread while connecting to server cluster0-shard-00-00.ldu4d.mongodb.net:27017 
com.mongodb.MongoSocketReadException: Exception receiving message
	at com.mongodb.internal.connection.InternalStreamConnection.translateReadException(InternalStreamConnection.java:702)
	at com.mongodb.internal.connection.InternalStreamConnection.receiveMessageWithAdditionalTimeout(InternalStreamConnection.java:574)
	at com.mongodb.internal.connection.InternalStreamConnection.receiveCommandMessageResponse(InternalStreamConnection.java:410)
	at com.mongodb.internal.connection.InternalStreamConnection.receive(InternalStreamConnection.java:369)
	at com.mongodb.internal.connection.DefaultServerMonitor$ServerMonitorRunnable.lookupServerDescription(DefaultServerMonitor.java:221)
	at com.mongodb.internal.connection.DefaultServerMonitor$ServerMonitorRunnable.run(DefaultServerMonitor.java:157)
	at java.base/java.lang.Thread.run(Thread.java:1583)
Caused by: java.net.SocketException: Socket is closed
	at java.base/java.net.Socket.setSoTimeout(Socket.java:1385)
	at java.base/sun.security.ssl.BaseSSLSocketImpl.setSoTimeout(BaseSSLSocketImpl.java:614)
	at java.base/sun.security.ssl.SSLSocketImpl.setSoTimeout(SSLSocketImpl.java:74)
	at com.mongodb.internal.connection.SocketStream.read(SocketStream.java:137)
	at com.mongodb.internal.connection.InternalStreamConnection.receiveResponseBuffers(InternalStreamConnection.java:713)
	at com.mongodb.internal.connection.InternalStreamConnection.receiveMessageWithAdditionalTimeout(InternalStreamConnection.java:571)
	... 5 common frames omitted
25-07-14 11:14:02.006 [cluster-ClusterId{value='687498993ade775faba7d388', description='null'}-cluster0-shard-00-01.ldu4d.mongodb.net:27017] INFO  org.mongodb.driver.cluster - Exception in monitor thread while connecting to server cluster0-shard-00-01.ldu4d.mongodb.net:27017 
com.mongodb.MongoSocketReadException: Exception receiving message
	at com.mongodb.internal.connection.InternalStreamConnection.translateReadException(InternalStreamConnection.java:702)
	at com.mongodb.internal.connection.InternalStreamConnection.receiveMessageWithAdditionalTimeout(InternalStreamConnection.java:574)
	at com.mongodb.internal.connection.InternalStreamConnection.receiveCommandMessageResponse(InternalStreamConnection.java:410)
	at com.mongodb.internal.connection.InternalStreamConnection.receive(InternalStreamConnection.java:369)
	at com.mongodb.internal.connection.DefaultServerMonitor$ServerMonitorRunnable.lookupServerDescription(DefaultServerMonitor.java:221)
	at com.mongodb.internal.connection.DefaultServerMonitor$ServerMonitorRunnable.run(DefaultServerMonitor.java:157)
	at java.base/java.lang.Thread.run(Thread.java:1583)
Caused by: java.net.SocketException: Socket is closed
	at java.base/java.net.Socket.setSoTimeout(Socket.java:1385)
	at java.base/sun.security.ssl.BaseSSLSocketImpl.setSoTimeout(BaseSSLSocketImpl.java:614)
	at java.base/sun.security.ssl.SSLSocketImpl.setSoTimeout(SSLSocketImpl.java:74)
	at com.mongodb.internal.connection.SocketStream.read(SocketStream.java:137)
	at com.mongodb.internal.connection.InternalStreamConnection.receiveResponseBuffers(InternalStreamConnection.java:713)
	at com.mongodb.internal.connection.InternalStreamConnection.receiveMessageWithAdditionalTimeout(InternalStreamConnection.java:571)
	... 5 common frames omitted
25-07-14 11:14:02.006 [cluster-ClusterId{value='687498993ade775faba7d388', description='null'}-cluster0-shard-00-02.ldu4d.mongodb.net:27017] INFO  org.mongodb.driver.cluster - Exception in monitor thread while connecting to server cluster0-shard-00-02.ldu4d.mongodb.net:27017 
com.mongodb.MongoSocketReadException: Exception receiving message
	at com.mongodb.internal.connection.InternalStreamConnection.translateReadException(InternalStreamConnection.java:702)
	at com.mongodb.internal.connection.InternalStreamConnection.receiveMessageWithAdditionalTimeout(InternalStreamConnection.java:574)
	at com.mongodb.internal.connection.InternalStreamConnection.receiveCommandMessageResponse(InternalStreamConnection.java:410)
	at com.mongodb.internal.connection.InternalStreamConnection.receive(InternalStreamConnection.java:369)
	at com.mongodb.internal.connection.DefaultServerMonitor$ServerMonitorRunnable.lookupServerDescription(DefaultServerMonitor.java:221)
	at com.mongodb.internal.connection.DefaultServerMonitor$ServerMonitorRunnable.run(DefaultServerMonitor.java:157)
	at java.base/java.lang.Thread.run(Thread.java:1583)
Caused by: java.net.SocketException: Socket is closed
	at java.base/java.net.Socket.setSoTimeout(Socket.java:1385)
	at java.base/sun.security.ssl.BaseSSLSocketImpl.setSoTimeout(BaseSSLSocketImpl.java:614)
	at java.base/sun.security.ssl.SSLSocketImpl.setSoTimeout(SSLSocketImpl.java:74)
	at com.mongodb.internal.connection.SocketStream.read(SocketStream.java:137)
	at com.mongodb.internal.connection.InternalStreamConnection.receiveResponseBuffers(InternalStreamConnection.java:713)
	at com.mongodb.internal.connection.InternalStreamConnection.receiveMessageWithAdditionalTimeout(InternalStreamConnection.java:571)
	... 5 common frames omitted
25-07-14 11:14:02.549 [cluster-ClusterId{value='687498993ade775faba7d388', description='null'}-cluster0-shard-00-01.ldu4d.mongodb.net:27017] INFO  org.mongodb.driver.connection - Opened connection [connectionId{localValue:10, serverValue:61839}] to cluster0-shard-00-01.ldu4d.mongodb.net:27017 
25-07-14 11:14:02.550 [cluster-ClusterId{value='687498993ade775faba7d388', description='null'}-cluster0-shard-00-00.ldu4d.mongodb.net:27017] INFO  org.mongodb.driver.connection - Opened connection [connectionId{localValue:8, serverValue:62511}] to cluster0-shard-00-00.ldu4d.mongodb.net:27017 
25-07-14 11:14:02.550 [cluster-ClusterId{value='687498993ade775faba7d388', description='null'}-cluster0-shard-00-02.ldu4d.mongodb.net:27017] INFO  org.mongodb.driver.connection - Opened connection [connectionId{localValue:9, serverValue:65642}] to cluster0-shard-00-02.ldu4d.mongodb.net:27017 
25-07-14 11:14:02.554 [cluster-ClusterId{value='687498993ade775faba7d388', description='null'}-cluster0-shard-00-02.ldu4d.mongodb.net:27017] INFO  org.mongodb.driver.cluster - Monitor thread successfully connected to server with description ServerDescription{address=cluster0-shard-00-02.ldu4d.mongodb.net:27017, type=REPLICA_SET_PRIMARY, state=CONNECTED, ok=true, minWireVersion=0, maxWireVersion=25, maxDocumentSize=16777216, logicalSessionTimeoutMinutes=30, roundTripTimeNanos=193792000, setName='atlas-holvnj-shard-0', canonicalAddress=cluster0-shard-00-02.ldu4d.mongodb.net:27017, hosts=[cluster0-shard-00-00.ldu4d.mongodb.net:27017, cluster0-shard-00-01.ldu4d.mongodb.net:27017, cluster0-shard-00-02.ldu4d.mongodb.net:27017], passives=[], arbiters=[], primary='cluster0-shard-00-02.ldu4d.mongodb.net:27017', tagSet=TagSet{[Tag{name='availabilityZone', value='aps1-az2'}, Tag{name='diskState', value='READY'}, Tag{name='nodeType', value='ELECTABLE'}, Tag{name='provider', value='AWS'}, Tag{name='region', value='AP_SOUTH_1'}, Tag{name='workloadType', value='OPERATIONAL'}]}, electionId=7fffffff0000000000000103, setVersion=277, topologyVersion=TopologyVersion{processId=68715f9f487824d981e6428a, counter=6}, lastWriteDate=Mon Jul 14 11:14:02 IST 2025, lastUpdateTimeNanos=187470583644300} 
25-07-14 11:14:02.554 [cluster-ClusterId{value='687498993ade775faba7d388', description='null'}-cluster0-shard-00-01.ldu4d.mongodb.net:27017] INFO  org.mongodb.driver.cluster - Monitor thread successfully connected to server with description ServerDescription{address=cluster0-shard-00-01.ldu4d.mongodb.net:27017, type=REPLICA_SET_SECONDARY, state=CONNECTED, ok=true, minWireVersion=0, maxWireVersion=25, maxDocumentSize=16777216, logicalSessionTimeoutMinutes=30, roundTripTimeNanos=193209800, setName='atlas-holvnj-shard-0', canonicalAddress=cluster0-shard-00-01.ldu4d.mongodb.net:27017, hosts=[cluster0-shard-00-00.ldu4d.mongodb.net:27017, cluster0-shard-00-01.ldu4d.mongodb.net:27017, cluster0-shard-00-02.ldu4d.mongodb.net:27017], passives=[], arbiters=[], primary='cluster0-shard-00-02.ldu4d.mongodb.net:27017', tagSet=TagSet{[Tag{name='availabilityZone', value='aps1-az3'}, Tag{name='diskState', value='READY'}, Tag{name='nodeType', value='ELECTABLE'}, Tag{name='provider', value='AWS'}, Tag{name='region', value='AP_SOUTH_1'}, Tag{name='workloadType', value='OPERATIONAL'}]}, electionId=null, setVersion=277, topologyVersion=TopologyVersion{processId=68715fe5c0bc77a981ec342e, counter=3}, lastWriteDate=Mon Jul 14 11:14:02 IST 2025, lastUpdateTimeNanos=187470583067200} 
25-07-14 11:14:02.555 [cluster-ClusterId{value='687498993ade775faba7d388', description='null'}-cluster0-shard-00-02.ldu4d.mongodb.net:27017] INFO  org.mongodb.driver.cluster - Discovered replica set primary cluster0-shard-00-02.ldu4d.mongodb.net:27017 
25-07-14 11:14:02.554 [cluster-ClusterId{value='687498993ade775faba7d388', description='null'}-cluster0-shard-00-00.ldu4d.mongodb.net:27017] INFO  org.mongodb.driver.cluster - Monitor thread successfully connected to server with description ServerDescription{address=cluster0-shard-00-00.ldu4d.mongodb.net:27017, type=REPLICA_SET_SECONDARY, state=CONNECTED, ok=true, minWireVersion=0, maxWireVersion=25, maxDocumentSize=16777216, logicalSessionTimeoutMinutes=30, roundTripTimeNanos=194106600, setName='atlas-holvnj-shard-0', canonicalAddress=cluster0-shard-00-00.ldu4d.mongodb.net:27017, hosts=[cluster0-shard-00-00.ldu4d.mongodb.net:27017, cluster0-shard-00-01.ldu4d.mongodb.net:27017, cluster0-shard-00-02.ldu4d.mongodb.net:27017], passives=[], arbiters=[], primary='cluster0-shard-00-02.ldu4d.mongodb.net:27017', tagSet=TagSet{[Tag{name='availabilityZone', value='aps1-az1'}, Tag{name='diskState', value='READY'}, Tag{name='nodeType', value='ELECTABLE'}, Tag{name='provider', value='AWS'}, Tag{name='region', value='AP_SOUTH_1'}, Tag{name='workloadType', value='OPERATIONAL'}]}, electionId=null, setVersion=277, topologyVersion=TopologyVersion{processId=68715f5ad54f283534cba1a8, counter=4}, lastWriteDate=Mon Jul 14 11:14:02 IST 2025, lastUpdateTimeNanos=187470583959200} 
25-07-14 11:14:11.495 [cluster-rtt-ClusterId{value='687498993ade775faba7d388', description='null'}-cluster0-shard-00-02.ldu4d.mongodb.net:27017] INFO  org.mongodb.driver.connection - Opened connection [connectionId{localValue:12, serverValue:65597}] to cluster0-shard-00-02.ldu4d.mongodb.net:27017 
25-07-14 11:14:11.496 [cluster-rtt-ClusterId{value='687498993ade775faba7d388', description='null'}-cluster0-shard-00-01.ldu4d.mongodb.net:27017] INFO  org.mongodb.driver.connection - Opened connection [connectionId{localValue:13, serverValue:61849}] to cluster0-shard-00-01.ldu4d.mongodb.net:27017 
25-07-14 11:14:11.541 [cluster-rtt-ClusterId{value='687498993ade775faba7d388', description='null'}-cluster0-shard-00-00.ldu4d.mongodb.net:27017] INFO  org.mongodb.driver.connection - Opened connection [connectionId{localValue:11, serverValue:62522}] to cluster0-shard-00-00.ldu4d.mongodb.net:27017 
25-07-14 11:14:18.510 [SpringApplicationShutdownHook] INFO  org.mongodb.driver.connection - Opened connection [connectionId{localValue:14, serverValue:65579}] to cluster0-shard-00-02.ldu4d.mongodb.net:27017 
