2025-05-21 15:48:40 - Starting JournalApplication using Java 21.0.1 on Richa_ with PID 19808 (C:\Users\richa\Downloads\journalApp (2)\journalApp\target\classes started by richa in C:\Users\richa\Downloads\journalApp (2))
2025-05-21 15:48:40 - The following 1 profile is active: "prod"
2025-05-21 15:48:40 - Bootstrapping Spring Data MongoDB repositories in DEFAULT mode.
2025-05-21 15:48:40 - Finished Spring Data repository scanning in 71 ms. Found 2 MongoDB repository interfaces.
2025-05-21 15:48:41 - Tomcat initialized with port(s): 8081 (http)
2025-05-21 15:48:41 - Initializing ProtocolHandler ["http-nio-8081"]
2025-05-21 15:48:41 - Starting service [Tomcat]
2025-05-21 15:48:41 - Starting Servlet engine: [Apache Tomcat/9.0.80]
2025-05-21 15:48:41 - Initializing Spring embedded WebApplicationContext
2025-05-21 15:48:41 - Root WebApplicationContext: initialization completed in 1764 ms
2025-05-21 15:48:42 - Adding discovered server cluster0-shard-00-02.ldu4d.mongodb.net:27017 to client view of cluster
2025-05-21 15:48:42 - MongoClient with metadata {"driver": {"name": "mongo-java-driver|sync|spring-boot", "version": "4.6.1"}, "os": {"type": "Windows", "name": "Windows 11", "architecture": "amd64", "version": "10.0"}, "platform": "Java/Oracle Corporation/21.0.1+12-LTS-29"} created with settings MongoClientSettings{readPreference=primary, writeConcern=WriteConcern{w=majority, wTimeout=null ms, journal=null}, retryWrites=true, retryReads=true, readConcern=ReadConcern{level=null}, credential=MongoCredential{mechanism=null, userName='richatripathi8525', source='admin', password=<hidden>, mechanismProperties=<hidden>}, streamFactoryFactory=null, commandListeners=[], codecRegistry=ProvidersCodecRegistry{codecProviders=[ValueCodecProvider{}, BsonValueCodecProvider{}, DBRefCodecProvider{}, DBObjectCodecProvider{}, DocumentCodecProvider{}, IterableCodecProvider{}, MapCodecProvider{}, GeoJsonCodecProvider{}, GridFSFileCodecProvider{}, Jsr310CodecProvider{}, JsonObjectCodecProvider{}, BsonCodecProvider{}, EnumCodecProvider{}, com.mongodb.Jep395RecordCodecProvider@2ed9f6f8]}, clusterSettings={hosts=[127.0.0.1:27017], srvHost=cluster0.ldu4d.mongodb.net, srvServiceName=mongodb, mode=MULTIPLE, requiredClusterType=REPLICA_SET, requiredReplicaSetName='atlas-holvnj-shard-0', serverSelector='null', clusterListeners='[]', serverSelectionTimeout='30000 ms', localThreshold='30000 ms'}, socketSettings=SocketSettings{connectTimeoutMS=10000, readTimeoutMS=0, receiveBufferSize=0, sendBufferSize=0}, heartbeatSocketSettings=SocketSettings{connectTimeoutMS=10000, readTimeoutMS=10000, receiveBufferSize=0, sendBufferSize=0}, connectionPoolSettings=ConnectionPoolSettings{maxSize=100, minSize=0, maxWaitTimeMS=120000, maxConnectionLifeTimeMS=0, maxConnectionIdleTimeMS=0, maintenanceInitialDelayMS=0, maintenanceFrequencyMS=60000, connectionPoolListeners=[], maxConnecting=2}, serverSettings=ServerSettings{heartbeatFrequencyMS=10000, minHeartbeatFrequencyMS=500, serverListeners='[]', serverMonitorListeners='[]'}, sslSettings=SslSettings{enabled=true, invalidHostNameAllowed=false, context=null}, applicationName='null', compressorList=[], uuidRepresentation=JAVA_LEGACY, serverApi=null, autoEncryptionSettings=null, contextProvider=null}
2025-05-21 15:48:42 - Adding discovered server cluster0-shard-00-00.ldu4d.mongodb.net:27017 to client view of cluster
2025-05-21 15:48:42 - Adding discovered server cluster0-shard-00-01.ldu4d.mongodb.net:27017 to client view of cluster
2025-05-21 15:48:43 - Opened connection [connectionId{localValue:1, serverValue:152751}] to cluster0-shard-00-02.ldu4d.mongodb.net:27017
2025-05-21 15:48:43 - Opened connection [connectionId{localValue:5, serverValue:154025}] to cluster0-shard-00-00.ldu4d.mongodb.net:27017
2025-05-21 15:48:43 - Opened connection [connectionId{localValue:2, serverValue:152752}] to cluster0-shard-00-02.ldu4d.mongodb.net:27017
2025-05-21 15:48:43 - Opened connection [connectionId{localValue:6, serverValue:154025}] to cluster0-shard-00-00.ldu4d.mongodb.net:27017
2025-05-21 15:48:43 - Opened connection [connectionId{localValue:4, serverValue:166272}] to cluster0-shard-00-01.ldu4d.mongodb.net:27017
2025-05-21 15:48:43 - Monitor thread successfully connected to server with description ServerDescription{address=cluster0-shard-00-02.ldu4d.mongodb.net:27017, type=REPLICA_SET_SECONDARY, state=CONNECTED, ok=true, minWireVersion=0, maxWireVersion=25, maxDocumentSize=16777216, logicalSessionTimeoutMinutes=30, roundTripTimeNanos=474557900, setName='atlas-holvnj-shard-0', canonicalAddress=cluster0-shard-00-02.ldu4d.mongodb.net:27017, hosts=[cluster0-shard-00-00.ldu4d.mongodb.net:27017, cluster0-shard-00-01.ldu4d.mongodb.net:27017, cluster0-shard-00-02.ldu4d.mongodb.net:27017], passives=[], arbiters=[], primary='cluster0-shard-00-01.ldu4d.mongodb.net:27017', tagSet=TagSet{[Tag{name='availabilityZone', value='aps1-az2'}, Tag{name='diskState', value='READY'}, Tag{name='nodeType', value='ELECTABLE'}, Tag{name='provider', value='AWS'}, Tag{name='region', value='AP_SOUTH_1'}, Tag{name='workloadType', value='OPERATIONAL'}]}, electionId=null, setVersion=268, topologyVersion=TopologyVersion{processId=6825798f62e2362afdf4ed6f, counter=5}, lastWriteDate=Wed May 21 15:48:44 IST 2025, lastUpdateTimeNanos=271662881089399}
2025-05-21 15:48:43 - Monitor thread successfully connected to server with description ServerDescription{address=cluster0-shard-00-00.ldu4d.mongodb.net:27017, type=REPLICA_SET_SECONDARY, state=CONNECTED, ok=true, minWireVersion=0, maxWireVersion=25, maxDocumentSize=16777216, logicalSessionTimeoutMinutes=30, roundTripTimeNanos=474703799, setName='atlas-holvnj-shard-0', canonicalAddress=cluster0-shard-00-00.ldu4d.mongodb.net:27017, hosts=[cluster0-shard-00-00.ldu4d.mongodb.net:27017, cluster0-shard-00-01.ldu4d.mongodb.net:27017, cluster0-shard-00-02.ldu4d.mongodb.net:27017], passives=[], arbiters=[], primary='cluster0-shard-00-01.ldu4d.mongodb.net:27017', tagSet=TagSet{[Tag{name='availabilityZone', value='aps1-az1'}, Tag{name='diskState', value='READY'}, Tag{name='nodeType', value='ELECTABLE'}, Tag{name='provider', value='AWS'}, Tag{name='region', value='AP_SOUTH_1'}, Tag{name='workloadType', value='OPERATIONAL'}]}, electionId=null, setVersion=268, topologyVersion=TopologyVersion{processId=682578638272572f02fcfe85, counter=5}, lastWriteDate=Wed May 21 15:48:44 IST 2025, lastUpdateTimeNanos=271662881228600}
2025-05-21 15:48:43 - Monitor thread successfully connected to server with description ServerDescription{address=cluster0-shard-00-01.ldu4d.mongodb.net:27017, type=REPLICA_SET_PRIMARY, state=CONNECTED, ok=true, minWireVersion=0, maxWireVersion=25, maxDocumentSize=16777216, logicalSessionTimeoutMinutes=30, roundTripTimeNanos=474559000, setName='atlas-holvnj-shard-0', canonicalAddress=cluster0-shard-00-01.ldu4d.mongodb.net:27017, hosts=[cluster0-shard-00-00.ldu4d.mongodb.net:27017, cluster0-shard-00-01.ldu4d.mongodb.net:27017, cluster0-shard-00-02.ldu4d.mongodb.net:27017], passives=[], arbiters=[], primary='cluster0-shard-00-01.ldu4d.mongodb.net:27017', tagSet=TagSet{[Tag{name='availabilityZone', value='aps1-az3'}, Tag{name='diskState', value='READY'}, Tag{name='nodeType', value='ELECTABLE'}, Tag{name='provider', value='AWS'}, Tag{name='region', value='AP_SOUTH_1'}, Tag{name='workloadType', value='OPERATIONAL'}]}, electionId=7fffffff00000000000000e9, setVersion=268, topologyVersion=TopologyVersion{processId=6825777ce484cdd7361cd876, counter=9}, lastWriteDate=Wed May 21 15:48:44 IST 2025, lastUpdateTimeNanos=271662881089599}
2025-05-21 15:48:43 - Setting max election id to 7fffffff00000000000000e9 from replica set primary cluster0-shard-00-01.ldu4d.mongodb.net:27017
2025-05-21 15:48:43 - Setting max set version to 268 from replica set primary cluster0-shard-00-01.ldu4d.mongodb.net:27017
2025-05-21 15:48:43 - Discovered replica set primary cluster0-shard-00-01.ldu4d.mongodb.net:27017
2025-05-21 15:48:43 - Opened connection [connectionId{localValue:3, serverValue:166305}] to cluster0-shard-00-01.ldu4d.mongodb.net:27017
2025-05-21 15:48:43 - Will secure any request with [org.springframework.security.web.session.DisableEncodeUrlFilter@7cb29ea8, org.springframework.security.web.context.request.async.WebAsyncManagerIntegrationFilter@b5c902, org.springframework.security.web.context.SecurityContextPersistenceFilter@582dcd35, org.springframework.security.web.header.HeaderWriterFilter@50a7c72b, org.springframework.security.web.authentication.logout.LogoutFilter@76e6c070, org.springframework.security.web.authentication.www.BasicAuthenticationFilter@5ce3409b, org.springframework.security.web.savedrequest.RequestCacheAwareFilter@394a6d2b, org.springframework.security.web.servletapi.SecurityContextHolderAwareRequestFilter@638afcaa, org.springframework.security.web.authentication.AnonymousAuthenticationFilter@7e747037, org.springframework.security.web.session.SessionManagementFilter@77663cd7, org.springframework.security.web.access.ExceptionTranslationFilter@25e8e59, org.springframework.security.web.access.intercept.FilterSecurityInterceptor@658e7ead]
2025-05-21 15:48:43 - Starting ProtocolHandler ["http-nio-8081"]
2025-05-21 15:48:43 - Tomcat started on port(s): 8081 (http) with context path '/journal'
2025-05-21 15:48:44 - Started JournalApplication in 4.658 seconds (JVM running for 5.653)
2025-05-21 15:48:50 - Initializing Spring DispatcherServlet 'dispatcherServlet'
2025-05-21 15:48:50 - Initializing Servlet 'dispatcherServlet'
2025-05-21 15:48:50 - Completed initialization in 1 ms
2025-05-21 15:48:51 - Opened connection [connectionId{localValue:7, serverValue:166242}] to cluster0-shard-00-01.ldu4d.mongodb.net:27017
2025-05-21 15:49:25 - Starting JournalApplication using Java 21.0.1 on Richa_ with PID 752 (C:\Users\richa\Downloads\journalApp (2)\journalApp\target\classes started by richa in C:\Users\richa\Downloads\journalApp (2))
2025-05-21 15:49:25 - The following 1 profile is active: "prod"
2025-05-21 15:49:25 - Bootstrapping Spring Data MongoDB repositories in DEFAULT mode.
2025-05-21 15:49:25 - Finished Spring Data repository scanning in 72 ms. Found 2 MongoDB repository interfaces.
2025-05-21 15:49:26 - Tomcat initialized with port(s): 8081 (http)
2025-05-21 15:49:26 - Initializing ProtocolHandler ["http-nio-8081"]
2025-05-21 15:49:26 - Starting service [Tomcat]
2025-05-21 15:49:26 - Starting Servlet engine: [Apache Tomcat/9.0.80]
2025-05-21 15:49:26 - Initializing Spring embedded WebApplicationContext
2025-05-21 15:49:26 - Root WebApplicationContext: initialization completed in 1620 ms
2025-05-21 15:49:27 - MongoClient with metadata {"driver": {"name": "mongo-java-driver|sync|spring-boot", "version": "4.6.1"}, "os": {"type": "Windows", "name": "Windows 11", "architecture": "amd64", "version": "10.0"}, "platform": "Java/Oracle Corporation/21.0.1+12-LTS-29"} created with settings MongoClientSettings{readPreference=primary, writeConcern=WriteConcern{w=majority, wTimeout=null ms, journal=null}, retryWrites=true, retryReads=true, readConcern=ReadConcern{level=null}, credential=MongoCredential{mechanism=null, userName='richatripathi8525', source='admin', password=<hidden>, mechanismProperties=<hidden>}, streamFactoryFactory=null, commandListeners=[], codecRegistry=ProvidersCodecRegistry{codecProviders=[ValueCodecProvider{}, BsonValueCodecProvider{}, DBRefCodecProvider{}, DBObjectCodecProvider{}, DocumentCodecProvider{}, IterableCodecProvider{}, MapCodecProvider{}, GeoJsonCodecProvider{}, GridFSFileCodecProvider{}, Jsr310CodecProvider{}, JsonObjectCodecProvider{}, BsonCodecProvider{}, EnumCodecProvider{}, com.mongodb.Jep395RecordCodecProvider@114a5e0]}, clusterSettings={hosts=[127.0.0.1:27017], srvHost=cluster0.ldu4d.mongodb.net, srvServiceName=mongodb, mode=MULTIPLE, requiredClusterType=REPLICA_SET, requiredReplicaSetName='atlas-holvnj-shard-0', serverSelector='null', clusterListeners='[]', serverSelectionTimeout='30000 ms', localThreshold='30000 ms'}, socketSettings=SocketSettings{connectTimeoutMS=10000, readTimeoutMS=0, receiveBufferSize=0, sendBufferSize=0}, heartbeatSocketSettings=SocketSettings{connectTimeoutMS=10000, readTimeoutMS=10000, receiveBufferSize=0, sendBufferSize=0}, connectionPoolSettings=ConnectionPoolSettings{maxSize=100, minSize=0, maxWaitTimeMS=120000, maxConnectionLifeTimeMS=0, maxConnectionIdleTimeMS=0, maintenanceInitialDelayMS=0, maintenanceFrequencyMS=60000, connectionPoolListeners=[], maxConnecting=2}, serverSettings=ServerSettings{heartbeatFrequencyMS=10000, minHeartbeatFrequencyMS=500, serverListeners='[]', serverMonitorListeners='[]'}, sslSettings=SslSettings{enabled=true, invalidHostNameAllowed=false, context=null}, applicationName='null', compressorList=[], uuidRepresentation=JAVA_LEGACY, serverApi=null, autoEncryptionSettings=null, contextProvider=null}
2025-05-21 15:49:27 - Adding discovered server cluster0-shard-00-02.ldu4d.mongodb.net:27017 to client view of cluster
2025-05-21 15:49:27 - Adding discovered server cluster0-shard-00-00.ldu4d.mongodb.net:27017 to client view of cluster
2025-05-21 15:49:27 - Adding discovered server cluster0-shard-00-01.ldu4d.mongodb.net:27017 to client view of cluster
2025-05-21 15:49:28 - Opened connection [connectionId{localValue:1, serverValue:154022}] to cluster0-shard-00-00.ldu4d.mongodb.net:27017
2025-05-21 15:49:28 - Opened connection [connectionId{localValue:6, serverValue:154022}] to cluster0-shard-00-00.ldu4d.mongodb.net:27017
2025-05-21 15:49:28 - Opened connection [connectionId{localValue:5, serverValue:152762}] to cluster0-shard-00-02.ldu4d.mongodb.net:27017
2025-05-21 15:49:28 - Opened connection [connectionId{localValue:2, serverValue:152763}] to cluster0-shard-00-02.ldu4d.mongodb.net:27017
2025-05-21 15:49:28 - Opened connection [connectionId{localValue:4, serverValue:166230}] to cluster0-shard-00-01.ldu4d.mongodb.net:27017
2025-05-21 15:49:28 - Opened connection [connectionId{localValue:3, serverValue:166230}] to cluster0-shard-00-01.ldu4d.mongodb.net:27017
2025-05-21 15:49:28 - Monitor thread successfully connected to server with description ServerDescription{address=cluster0-shard-00-00.ldu4d.mongodb.net:27017, type=REPLICA_SET_SECONDARY, state=CONNECTED, ok=true, minWireVersion=0, maxWireVersion=25, maxDocumentSize=16777216, logicalSessionTimeoutMinutes=30, roundTripTimeNanos=410732100, setName='atlas-holvnj-shard-0', canonicalAddress=cluster0-shard-00-00.ldu4d.mongodb.net:27017, hosts=[cluster0-shard-00-00.ldu4d.mongodb.net:27017, cluster0-shard-00-01.ldu4d.mongodb.net:27017, cluster0-shard-00-02.ldu4d.mongodb.net:27017], passives=[], arbiters=[], primary='cluster0-shard-00-01.ldu4d.mongodb.net:27017', tagSet=TagSet{[Tag{name='availabilityZone', value='aps1-az1'}, Tag{name='diskState', value='READY'}, Tag{name='nodeType', value='ELECTABLE'}, Tag{name='provider', value='AWS'}, Tag{name='region', value='AP_SOUTH_1'}, Tag{name='workloadType', value='OPERATIONAL'}]}, electionId=null, setVersion=268, topologyVersion=TopologyVersion{processId=682578638272572f02fcfe85, counter=5}, lastWriteDate=Wed May 21 15:49:29 IST 2025, lastUpdateTimeNanos=271707564104800}
2025-05-21 15:49:28 - Monitor thread successfully connected to server with description ServerDescription{address=cluster0-shard-00-01.ldu4d.mongodb.net:27017, type=REPLICA_SET_PRIMARY, state=CONNECTED, ok=true, minWireVersion=0, maxWireVersion=25, maxDocumentSize=16777216, logicalSessionTimeoutMinutes=30, roundTripTimeNanos=416891700, setName='atlas-holvnj-shard-0', canonicalAddress=cluster0-shard-00-01.ldu4d.mongodb.net:27017, hosts=[cluster0-shard-00-00.ldu4d.mongodb.net:27017, cluster0-shard-00-01.ldu4d.mongodb.net:27017, cluster0-shard-00-02.ldu4d.mongodb.net:27017], passives=[], arbiters=[], primary='cluster0-shard-00-01.ldu4d.mongodb.net:27017', tagSet=TagSet{[Tag{name='availabilityZone', value='aps1-az3'}, Tag{name='diskState', value='READY'}, Tag{name='nodeType', value='ELECTABLE'}, Tag{name='provider', value='AWS'}, Tag{name='region', value='AP_SOUTH_1'}, Tag{name='workloadType', value='OPERATIONAL'}]}, electionId=7fffffff00000000000000e9, setVersion=268, topologyVersion=TopologyVersion{processId=6825777ce484cdd7361cd876, counter=9}, lastWriteDate=Wed May 21 15:49:29 IST 2025, lastUpdateTimeNanos=271707563947700}
2025-05-21 15:49:28 - Monitor thread successfully connected to server with description ServerDescription{address=cluster0-shard-00-02.ldu4d.mongodb.net:27017, type=REPLICA_SET_SECONDARY, state=CONNECTED, ok=true, minWireVersion=0, maxWireVersion=25, maxDocumentSize=16777216, logicalSessionTimeoutMinutes=30, roundTripTimeNanos=415762500, setName='atlas-holvnj-shard-0', canonicalAddress=cluster0-shard-00-02.ldu4d.mongodb.net:27017, hosts=[cluster0-shard-00-00.ldu4d.mongodb.net:27017, cluster0-shard-00-01.ldu4d.mongodb.net:27017, cluster0-shard-00-02.ldu4d.mongodb.net:27017], passives=[], arbiters=[], primary='cluster0-shard-00-01.ldu4d.mongodb.net:27017', tagSet=TagSet{[Tag{name='availabilityZone', value='aps1-az2'}, Tag{name='diskState', value='READY'}, Tag{name='nodeType', value='ELECTABLE'}, Tag{name='provider', value='AWS'}, Tag{name='region', value='AP_SOUTH_1'}, Tag{name='workloadType', value='OPERATIONAL'}]}, electionId=null, setVersion=268, topologyVersion=TopologyVersion{processId=6825798f62e2362afdf4ed6f, counter=5}, lastWriteDate=Wed May 21 15:49:29 IST 2025, lastUpdateTimeNanos=271707563947800}
2025-05-21 15:49:28 - Setting max election id to 7fffffff00000000000000e9 from replica set primary cluster0-shard-00-01.ldu4d.mongodb.net:27017
2025-05-21 15:49:28 - Setting max set version to 268 from replica set primary cluster0-shard-00-01.ldu4d.mongodb.net:27017
2025-05-21 15:49:28 - Discovered replica set primary cluster0-shard-00-01.ldu4d.mongodb.net:27017
2025-05-21 15:49:28 - Will secure any request with [org.springframework.security.web.session.DisableEncodeUrlFilter@2b2a4332, org.springframework.security.web.context.request.async.WebAsyncManagerIntegrationFilter@2cbe455c, org.springframework.security.web.context.SecurityContextPersistenceFilter@6e8f2094, org.springframework.security.web.header.HeaderWriterFilter@8077c97, org.springframework.security.web.authentication.logout.LogoutFilter@570b2057, org.springframework.security.web.authentication.www.BasicAuthenticationFilter@496cedbb, org.springframework.security.web.savedrequest.RequestCacheAwareFilter@d108406, org.springframework.security.web.servletapi.SecurityContextHolderAwareRequestFilter@77663cd7, org.springframework.security.web.authentication.AnonymousAuthenticationFilter@4cb24e2, org.springframework.security.web.session.SessionManagementFilter@221b77d7, org.springframework.security.web.access.ExceptionTranslationFilter@60928a61, org.springframework.security.web.access.intercept.FilterSecurityInterceptor@70d3cdbf]
2025-05-21 15:49:28 - Starting ProtocolHandler ["http-nio-8081"]
2025-05-21 15:49:28 - Tomcat started on port(s): 8081 (http) with context path '/journal'
2025-05-21 15:49:28 - Started JournalApplication in 4.218 seconds (JVM running for 5.094)
2025-05-21 15:49:35 - Initializing Spring DispatcherServlet 'dispatcherServlet'
2025-05-21 15:49:35 - Initializing Servlet 'dispatcherServlet'
2025-05-21 15:49:35 - Completed initialization in 2 ms
2025-05-21 15:49:35 - ahahha
2025-05-21 15:49:35 - hahahahahaaha
2025-05-21 15:49:35 - hahahahaha
2025-05-21 15:50:18 - Starting JournalApplication using Java 21.0.1 on Richa_ with PID 4724 (C:\Users\richa\Downloads\journalApp (2)\journalApp\target\classes started by richa in C:\Users\richa\Downloads\journalApp (2))
2025-05-21 15:50:18 - The following 1 profile is active: "prod"
2025-05-21 15:50:18 - Bootstrapping Spring Data MongoDB repositories in DEFAULT mode.
2025-05-21 15:50:19 - Finished Spring Data repository scanning in 80 ms. Found 2 MongoDB repository interfaces.
2025-05-21 15:50:19 - Tomcat initialized with port(s): 8081 (http)
2025-05-21 15:50:19 - Initializing ProtocolHandler ["http-nio-8081"]
2025-05-21 15:50:19 - Starting service [Tomcat]
2025-05-21 15:50:19 - Starting Servlet engine: [Apache Tomcat/9.0.80]
2025-05-21 15:50:20 - Initializing Spring embedded WebApplicationContext
2025-05-21 15:50:20 - Root WebApplicationContext: initialization completed in 1974 ms
2025-05-21 15:50:20 - MongoClient with metadata {"driver": {"name": "mongo-java-driver|sync|spring-boot", "version": "4.6.1"}, "os": {"type": "Windows", "name": "Windows 11", "architecture": "amd64", "version": "10.0"}, "platform": "Java/Oracle Corporation/21.0.1+12-LTS-29"} created with settings MongoClientSettings{readPreference=primary, writeConcern=WriteConcern{w=majority, wTimeout=null ms, journal=null}, retryWrites=true, retryReads=true, readConcern=ReadConcern{level=null}, credential=MongoCredential{mechanism=null, userName='richatripathi8525', source='admin', password=<hidden>, mechanismProperties=<hidden>}, streamFactoryFactory=null, commandListeners=[], codecRegistry=ProvidersCodecRegistry{codecProviders=[ValueCodecProvider{}, BsonValueCodecProvider{}, DBRefCodecProvider{}, DBObjectCodecProvider{}, DocumentCodecProvider{}, IterableCodecProvider{}, MapCodecProvider{}, GeoJsonCodecProvider{}, GridFSFileCodecProvider{}, Jsr310CodecProvider{}, JsonObjectCodecProvider{}, BsonCodecProvider{}, EnumCodecProvider{}, com.mongodb.Jep395RecordCodecProvider@7da635c0]}, clusterSettings={hosts=[127.0.0.1:27017], srvHost=cluster0.ldu4d.mongodb.net, srvServiceName=mongodb, mode=MULTIPLE, requiredClusterType=REPLICA_SET, requiredReplicaSetName='atlas-holvnj-shard-0', serverSelector='null', clusterListeners='[]', serverSelectionTimeout='30000 ms', localThreshold='30000 ms'}, socketSettings=SocketSettings{connectTimeoutMS=10000, readTimeoutMS=0, receiveBufferSize=0, sendBufferSize=0}, heartbeatSocketSettings=SocketSettings{connectTimeoutMS=10000, readTimeoutMS=10000, receiveBufferSize=0, sendBufferSize=0}, connectionPoolSettings=ConnectionPoolSettings{maxSize=100, minSize=0, maxWaitTimeMS=120000, maxConnectionLifeTimeMS=0, maxConnectionIdleTimeMS=0, maintenanceInitialDelayMS=0, maintenanceFrequencyMS=60000, connectionPoolListeners=[], maxConnecting=2}, serverSettings=ServerSettings{heartbeatFrequencyMS=10000, minHeartbeatFrequencyMS=500, serverListeners='[]', serverMonitorListeners='[]'}, sslSettings=SslSettings{enabled=true, invalidHostNameAllowed=false, context=null}, applicationName='null', compressorList=[], uuidRepresentation=JAVA_LEGACY, serverApi=null, autoEncryptionSettings=null, contextProvider=null}
2025-05-21 15:50:20 - Adding discovered server cluster0-shard-00-02.ldu4d.mongodb.net:27017 to client view of cluster
2025-05-21 15:50:20 - Adding discovered server cluster0-shard-00-01.ldu4d.mongodb.net:27017 to client view of cluster
2025-05-21 15:50:20 - Adding discovered server cluster0-shard-00-00.ldu4d.mongodb.net:27017 to client view of cluster
2025-05-21 15:50:21 - Opened connection [connectionId{localValue:5, serverValue:152775}] to cluster0-shard-00-02.ldu4d.mongodb.net:27017
2025-05-21 15:50:21 - Opened connection [connectionId{localValue:3, serverValue:166325}] to cluster0-shard-00-01.ldu4d.mongodb.net:27017
2025-05-21 15:50:21 - Opened connection [connectionId{localValue:1, serverValue:152775}] to cluster0-shard-00-02.ldu4d.mongodb.net:27017
2025-05-21 15:50:21 - Opened connection [connectionId{localValue:4, serverValue:154043}] to cluster0-shard-00-00.ldu4d.mongodb.net:27017
2025-05-21 15:50:21 - Opened connection [connectionId{localValue:2, serverValue:166325}] to cluster0-shard-00-01.ldu4d.mongodb.net:27017
2025-05-21 15:50:21 - Opened connection [connectionId{localValue:6, serverValue:154043}] to cluster0-shard-00-00.ldu4d.mongodb.net:27017
2025-05-21 15:50:21 - Monitor thread successfully connected to server with description ServerDescription{address=cluster0-shard-00-00.ldu4d.mongodb.net:27017, type=REPLICA_SET_SECONDARY, state=CONNECTED, ok=true, minWireVersion=0, maxWireVersion=25, maxDocumentSize=16777216, logicalSessionTimeoutMinutes=30, roundTripTimeNanos=558320100, setName='atlas-holvnj-shard-0', canonicalAddress=cluster0-shard-00-00.ldu4d.mongodb.net:27017, hosts=[cluster0-shard-00-00.ldu4d.mongodb.net:27017, cluster0-shard-00-01.ldu4d.mongodb.net:27017, cluster0-shard-00-02.ldu4d.mongodb.net:27017], passives=[], arbiters=[], primary='cluster0-shard-00-01.ldu4d.mongodb.net:27017', tagSet=TagSet{[Tag{name='availabilityZone', value='aps1-az1'}, Tag{name='diskState', value='READY'}, Tag{name='nodeType', value='ELECTABLE'}, Tag{name='provider', value='AWS'}, Tag{name='region', value='AP_SOUTH_1'}, Tag{name='workloadType', value='OPERATIONAL'}]}, electionId=null, setVersion=268, topologyVersion=TopologyVersion{processId=682578638272572f02fcfe85, counter=5}, lastWriteDate=Wed May 21 15:50:22 IST 2025, lastUpdateTimeNanos=271761074323900}
2025-05-21 15:50:21 - Monitor thread successfully connected to server with description ServerDescription{address=cluster0-shard-00-02.ldu4d.mongodb.net:27017, type=REPLICA_SET_SECONDARY, state=CONNECTED, ok=true, minWireVersion=0, maxWireVersion=25, maxDocumentSize=16777216, logicalSessionTimeoutMinutes=30, roundTripTimeNanos=558213200, setName='atlas-holvnj-shard-0', canonicalAddress=cluster0-shard-00-02.ldu4d.mongodb.net:27017, hosts=[cluster0-shard-00-00.ldu4d.mongodb.net:27017, cluster0-shard-00-01.ldu4d.mongodb.net:27017, cluster0-shard-00-02.ldu4d.mongodb.net:27017], passives=[], arbiters=[], primary='cluster0-shard-00-01.ldu4d.mongodb.net:27017', tagSet=TagSet{[Tag{name='availabilityZone', value='aps1-az2'}, Tag{name='diskState', value='READY'}, Tag{name='nodeType', value='ELECTABLE'}, Tag{name='provider', value='AWS'}, Tag{name='region', value='AP_SOUTH_1'}, Tag{name='workloadType', value='OPERATIONAL'}]}, electionId=null, setVersion=268, topologyVersion=TopologyVersion{processId=6825798f62e2362afdf4ed6f, counter=5}, lastWriteDate=Wed May 21 15:50:22 IST 2025, lastUpdateTimeNanos=271761074211300}
2025-05-21 15:50:21 - Monitor thread successfully connected to server with description ServerDescription{address=cluster0-shard-00-01.ldu4d.mongodb.net:27017, type=REPLICA_SET_PRIMARY, state=CONNECTED, ok=true, minWireVersion=0, maxWireVersion=25, maxDocumentSize=16777216, logicalSessionTimeoutMinutes=30, roundTripTimeNanos=558622000, setName='atlas-holvnj-shard-0', canonicalAddress=cluster0-shard-00-01.ldu4d.mongodb.net:27017, hosts=[cluster0-shard-00-00.ldu4d.mongodb.net:27017, cluster0-shard-00-01.ldu4d.mongodb.net:27017, cluster0-shard-00-02.ldu4d.mongodb.net:27017], passives=[], arbiters=[], primary='cluster0-shard-00-01.ldu4d.mongodb.net:27017', tagSet=TagSet{[Tag{name='availabilityZone', value='aps1-az3'}, Tag{name='diskState', value='READY'}, Tag{name='nodeType', value='ELECTABLE'}, Tag{name='provider', value='AWS'}, Tag{name='region', value='AP_SOUTH_1'}, Tag{name='workloadType', value='OPERATIONAL'}]}, electionId=7fffffff00000000000000e9, setVersion=268, topologyVersion=TopologyVersion{processId=6825777ce484cdd7361cd876, counter=9}, lastWriteDate=Wed May 21 15:50:22 IST 2025, lastUpdateTimeNanos=271761074588300}
2025-05-21 15:50:21 - Setting max election id to 7fffffff00000000000000e9 from replica set primary cluster0-shard-00-01.ldu4d.mongodb.net:27017
2025-05-21 15:50:21 - Setting max set version to 268 from replica set primary cluster0-shard-00-01.ldu4d.mongodb.net:27017
2025-05-21 15:50:21 - Discovered replica set primary cluster0-shard-00-01.ldu4d.mongodb.net:27017
2025-05-21 15:50:21 - Will secure any request with [org.springframework.security.web.session.DisableEncodeUrlFilter@25218a4d, org.springframework.security.web.context.request.async.WebAsyncManagerIntegrationFilter@bf2aa32, org.springframework.security.web.context.SecurityContextPersistenceFilter@55adcf9e, org.springframework.security.web.header.HeaderWriterFilter@32a8ca06, org.springframework.security.web.authentication.logout.LogoutFilter@f03ee8f, org.springframework.security.web.authentication.www.BasicAuthenticationFilter@69eb544f, org.springframework.security.web.savedrequest.RequestCacheAwareFilter@7f5ce33e, org.springframework.security.web.servletapi.SecurityContextHolderAwareRequestFilter@4ef5dd23, org.springframework.security.web.authentication.AnonymousAuthenticationFilter@56da96b3, org.springframework.security.web.session.SessionManagementFilter@1e6bd263, org.springframework.security.web.access.ExceptionTranslationFilter@221b77d7, org.springframework.security.web.access.intercept.FilterSecurityInterceptor@7b1a30e5]
2025-05-21 15:50:22 - Starting ProtocolHandler ["http-nio-8081"]
2025-05-21 15:50:22 - Tomcat started on port(s): 8081 (http) with context path '/journal'
2025-05-21 15:50:22 - Started JournalApplication in 4.925 seconds (JVM running for 5.716)
